python : F:\AIGC\Stocks\CyberAdvisor\scripts\bilibili\rw_format.py:53: SyntaxWarning: "\[" is an invalid escape 
sequence. Such sequences will not work in the future. Did you mean "\\["? A raw string is also an option.
At C:\Users\wills\AppData\Local\Temp\ps-script-674bb184-3f5e-4df3-b14d-7a539d89bf07.ps1:81 char:53
+ ... r\scripts"; python rw_video.py --pending-only --punctuate 2>&1 | Out- ...
+                 ~~~~~~~~~~~~~~~~~~~~~~~~~~~~~~~~~~~~~~~~~~~~~~~~~~
    + CategoryInfo          : NotSpecified: (F:\AIGC\Stocks\...also an option.:String) [], RemoteException
    + FullyQualifiedErrorId : NativeCommandError
 
  _NOT_BEFORE_PUNCT = re.compile(r'[。！？；，、：""''（(\[【]$')
punctuate 26-05-14_BV1aK5d62Eai_倒车接人.md  changes=0
punctuate 26-05-17_BV1xWLn6GEmy_中国再通胀回归与全球宏观重定价（周复盘）.md  changes=0
punctuate 26-05-18_BV1g4LP6KEWF_大盘将迎来反弹.md  changes=0
punctuate 26-05-21_BV1ZLLb6UEgy_谁能想到一周要抄两次底？.md  changes=0
punctuate 26-05-22_BV17sLY6FEcL_如何设置盘面.md  changes=0
punctuate 26-05-22_BV1BgGb6GE3s_高景气度产业链梳理.md  changes=0
punctuate 26-05-24_BV1LRG76kEHL_中国金融大棋之秋后问斩.md  changes=0
punctuate 26-05-24_BV1Y4GH67Emj_山雨欲来风满楼（周复盘）.md  changes=0
punctuate 26-05-26_BV13TVP6wEy9_每天10分钟，用“充电资讯”搭建自己的交易信息差！.md  changes=0
punctuate 26-05-26_BV1UqGd6BE1L_全世界感谢华为，深挖韬定律.md  changes=0
punctuate 26-05-27_BV1oWG26xEmr_努力就会有收获！.md  changes=0
punctuate 26-05-28_BV1gPVs69E6C_技术分析-单根K线（1）.md  changes=0
punctuate 26-05-30_BV1WEVV6yEgf_分化时代下的房地产、消费和港股。.md  changes=0
punctuate 26-05-31_BV1kxVS61ERJ_盈利铺就通往更高回报的崎岖之路（周复盘）.md  changes=0
punctuate 26-06-01_BV1ep5F6tEFM_牛市多急跌！.md  changes=0
punctuate 26-06-04_BV1t17f6tEkr_放弃执念，都是星辰大海。.md  changes=0

完成: 16 文件 | {'refetch': 0, 'format': 0, 'punctuate': 16, 'asr_fix': 0, 'update': 0, 'skip': 0, 'mismatch': 0}
