refetch  26-05-14_BV1aK5d62Eai_倒车接人.md  changes=1
refetch  26-05-17_BV1xWLn6GEmy_中国再通胀回归与全球宏观重定价（周复盘）.md  changes=0
format   26-05-18_BV1g4LP6KEWF_大盘将迎来反弹.md no_subtitle changes=5
format   26-05-21_BV1ZLLb6UEgy_谁能想到一周要抄两次底？.md no_subtitle changes=0
refetch  26-05-22_BV17sLY6FEcL_如何设置盘面.md  changes=0
refetch  26-05-22_BV1BgGb6GE3s_高景气度产业链梳理.md  changes=27
refetch  26-05-24_BV1LRG76kEHL_中国金融大棋之秋后问斩.md  changes=1
refetch  26-05-24_BV1Y4GH67Emj_山雨欲来风满楼（周复盘）.md  changes=0
refetch  26-05-26_BV13TVP6wEy9_每天10分钟，用“充电资讯”搭建自己的交易信息差！.md  changes=2
refetch  26-05-26_BV1UqGd6BE1L_全世界感谢华为，深挖韬定律.md  changes=0
refetch  26-05-27_BV1oWG26xEmr_努力就会有收获！.md  changes=0
refetch  26-05-28_BV1gPVs69E6C_技术分析-单根K线（1）.md  changes=0
refetch  26-05-30_BV1WEVV6yEgf_分化时代下的房地产、消费和港股。.md  changes=0
format   26-05-31_BV1kxVS61ERJ_盈利铺就通往更高回报的崎岖之路（周复盘）.md subtitle_mismatch changes=2
refetch  26-06-01_BV1ep5F6tEFM_牛市多急跌！.md  changes=3
refetch  26-06-04_BV1t17f6tEkr_放弃执念，都是星辰大海。.md  changes=0
skip     视频：25-10-14：充电咨询该怎么用.md unchanged changes=0
skip     视频：25-10-19：钟才文系列解读与十五五投资方向.md unchanged changes=0
skip     视频：25-10-22：从平台治理到十五五规划看中国经济新周期.md unchanged changes=0
asr_fix  视频：25-12-07：万字长文带你了解国家顶级经济政策.md  changes=1
skip     视频：25-12-08：炒股与赌博的区别.md unchanged changes=0
skip     视频：25-12-11：美联储内部分歧加剧市场不确定性.md unchanged changes=0
skip     视频：25-12-12：如何建立交易系统的预期管理和系统化交易思维.md unchanged changes=0
asr_fix  视频：25-12-14：国运论.md  changes=1
skip     视频：25-12-27：市场理解与反身性理论.md unchanged changes=0
skip     视频：25-12-31：斩杀线文明.md unchanged changes=0
skip     视频：26-01-09：F10财务分析（一）：读懂三张表.md unchanged changes=0
skip     视频：26-01-15：游资末日？监管重拳出击.md unchanged changes=0
asr_fix  视频：26-01-21：AI科技全产业链分析之半导体.md  changes=2
skip     视频：26-02-02：A股暴跌，牛市结束了吗.md unchanged changes=0
skip     视频：26-02-06：F10财务分析（二）之ROE与杜邦分析.md unchanged changes=0
skip     视频：26-02-11：春节前最后交易策略.md unchanged changes=0
skip     视频：26-02-12：AI服务器与AIDC全产业链分析.md unchanged changes=0
skip     视频：26-02-16：万字长文聊人工智能与投资逻辑.md unchanged changes=0
skip     视频：26-02-19：F10财务分析（三）之PE估值.md unchanged changes=0
skip     视频：26-02-23：开工大吉节后复盘.md unchanged changes=0
skip     视频：26-02-25：马年大红开，算力分化后怎么看.md unchanged changes=0
skip     视频：26-02-28：F10财务分析（四）之PEG成长估值法.md unchanged changes=0
skip     视频：26-03-02：全国两会前瞻：政策延续下的宏观定调与产业确定性.md unchanged changes=0
skip     视频：26-03-03：美伊冲突A股暴跌，三月怎么看.md unchanged changes=0
skip     视频：26-03-04：美伊冲突全景分析.md unchanged changes=0
skip     视频：26-03-06：2026年十倍主线：长鑫存储上市与国产半导体设备替代.md unchanged changes=0
skip     视频：26-03-07：F10财务分析（五）之PS估值法.md unchanged changes=0
skip     视频：26-03-14：F10财务分析（六）之PB估值法.md unchanged changes=0
skip     视频：26-03-17：GTC大会揭示AI算力未来.md unchanged changes=0
skip     视频：26-03-18：AI强势修复，大盘迎来反弹，后续应该怎么看.md unchanged changes=0
skip     视频：26-03-18：AI时代下的财富密码.md unchanged changes=0
skip     视频：26-03-19：4000点保卫战，抄底的时候到了.md unchanged changes=0
skip     视频：26-03-20：光伏设备大涨，行业拐点已至.md unchanged changes=0
skip     视频：26-03-24：A股迎来修复，是反转还是反弹要再等等.md unchanged changes=0
skip     视频：26-03-25：从恐惧中寻找主线机会.md unchanged changes=0
skip     视频：26-03-30：如何看年报.md unchanged changes=0
skip     视频：26-03-31：顺势而为.md unchanged changes=0
skip     视频：26-04-02：美军升级行动，A股何去何从.md unchanged changes=0
skip     视频：26-04-07：创新药全产业链深度研究.md unchanged changes=0
skip     视频：26-04-14：2026年AI产业深度研究：从AIDC建设拐点到算力租赁重估.md unchanged changes=0
skip     视频：26-04-16：创业板创十年新高，科技股领涨，三重炸弹同日引爆！.md unchanged changes=0
asr_fix  视频：26-04-21：量化主导时代的交易逻辑.md  changes=1
skip     视频：26-04-22：AI链核心票为何强势修复.md unchanged changes=0
skip     视频：26-04-24：国产算力生态加速形成.md unchanged changes=0
skip     视频：26-04-27：国家安全下的AI监管升级.md unchanged changes=0
skip     视频：26-05-03：交易中遇到的一些问题（一）：炒股避坑 - Copy.md unchanged changes=0
skip     视频：26-05-06：光模块行业深度研究：CPO技术革命与产业链格局重塑.md unchanged changes=0
skip     视频：26-05-10：太空算力、能源瓶颈与AI产业新范式（一）.md unchanged changes=0
skip     视频：26-05-11：物理AI元年，具身智能全产业链，世界模型，谁会成为下一个英伟达.md unchanged changes=0
skip     视频：26-05-11：风浪越大鱼越贵，中美高层会面如何影响市场，布林线实战，3.5万亿量能.md unchanged changes=0
skip     视频：26-05-12：AI基础设施与能源转型，燃机核电绿色燃料智能交通五大主线.md unchanged changes=0
asr_fix  视频：26-05-13：国产算力产业链与Token经济学，昇腾950拐点，Token工厂商业模式跃迁.md  changes=1
skip     周复盘：25-12-19：2026年A股策略前瞻：慢牛底色不改，三大高确定性赛道领跑全年.md unchanged changes=0
skip     周复盘：25-12-21：A股反弹周期能持续多久.md unchanged changes=0
skip     周复盘：26-01-04：2026全球经济新周期.md unchanged changes=0
skip     周复盘：26-01-11：A股暴涨之下如何守住繁华.md unchanged changes=0
skip     周复盘：26-01-13：商业航天还有机会吗.md unchanged changes=0
skip     周复盘：26-01-18：市场强行降温后该怎么走.md unchanged changes=0
skip     周复盘：26-01-26：对市场永远有敬畏之心.md unchanged changes=0
skip     周复盘：26-01-31：金银暴跌，后续怎么看.md unchanged changes=0
skip     周复盘：26-02-01：二月投资策略：安全优先.md unchanged changes=0
skip     周复盘：26-02-08：黄金为什么不再是避险资产.md unchanged changes=0
skip     周复盘：26-03-01：美伊冲突爆发.md unchanged changes=0
skip     周复盘：26-03-08：伊朗冲突持续，如何在不确定中找确定性.md unchanged changes=0
skip     周复盘：26-03-15：伊朗冲突加剧，A股下周怎么看.md unchanged changes=0
skip     周复盘：26-03-22：能源冲击的时间赌局：从全球定价锚重塑到A股定价权重估.md unchanged changes=0
skip     周复盘：26-03-29：特朗普的选择，5月15全球命运交汇点.md unchanged changes=0
skip     周复盘：26-04-06：现实的误判，全球资产重新配置新策略.md unchanged changes=0
skip     周复盘：26-04-14：是反弹不是反转，市场为什么对中东冲突麻木了.md unchanged changes=0
asr_fix  周复盘：26-04-15：节奏预期，日线高9，算力租赁生死考验，趋势中做短线.md  changes=1
skip     周复盘：26-04-19：关键节点临近，特朗普五月访华是否能解决美国通胀问题？.md unchanged changes=0
skip     周复盘：26-04-20：跟上节奏，AI算力四阶段炒作路径.md unchanged changes=0
skip     周复盘：26-04-26：交易需要不完美，也需要接受不完美.md unchanged changes=0
skip     周复盘：26-05-05：大盘冲击4200；日元崩盘.md unchanged changes=0
skip     周复盘：26-05-10：特朗普访华，六张牌交易框架，4200攻防，国产算力主线.md unchanged changes=0
skip     周复盘：26-05-31.md unchanged changes=0

完成: 92 文件 | {'refetch': 13, 'format': 3, 'asr_fix': 6, 'update': 0, 'skip': 70, 'mismatch': 1}
